<?xml version="1.0" encoding="UTF-8"?>
<!-- Generated by org.testng.reporters.JUnitReportReporter -->
<testsuite hostname="DESKTOP-8TQKQGK" failures="0" tests="2" name="com.example.CalculatorTest" time="0.022" errors="0" timestamp="2025-04-08T08:43:26 ICT" skipped="0">
  <testcase classname="com.example.CalculatorTest" name="testSubtract" time="0.002"/>
  <system-out/>
  <testcase classname="com.example.CalculatorTest" name="testAdd" time="0.020"/>
  <system-out/>
</testsuite> <!-- com.example.CalculatorTest -->
